<?xml version="1.0" encoding="UTF-8"?>
<testsuite name="com.thanos.api.repository.MemberRepositoryTest" tests="1" skipped="0" failures="0" errors="0" timestamp="2018-11-27T05:12:22" hostname="frankui-MacBook-Pro.local" time="0.017">
  <properties/>
  <testcase name="saveMemberTest" classname="com.thanos.api.repository.MemberRepositoryTest" time="0.017"/>
  <system-out><![CDATA[14:12:21.319 [Test worker] DEBUG org.springframework.test.context.junit4.SpringJUnit4ClassRunner - SpringJUnit4ClassRunner constructor called with [class com.thanos.api.repository.MemberRepositoryTest]
14:12:21.328 [Test worker] DEBUG org.springframework.test.context.BootstrapUtils - Instantiating CacheAwareContextLoaderDelegate from class [org.springframework.test.context.cache.DefaultCacheAwareContextLoaderDelegate]
14:12:21.334 [Test worker] DEBUG org.springframework.test.context.BootstrapUtils - Instantiating BootstrapContext using constructor [public org.springframework.test.context.support.DefaultBootstrapContext(java.lang.Class,org.springframework.test.context.CacheAwareContextLoaderDelegate)]
14:12:21.341 [Test worker] DEBUG org.springframework.test.context.BootstrapUtils - Instantiating TestContextBootstrapper for test class [com.thanos.api.repository.MemberRepositoryTest] from class [org.springframework.test.context.support.DefaultTestContextBootstrapper]
14:12:21.351 [Test worker] INFO org.springframework.test.context.support.DefaultTestContextBootstrapper - Neither @ContextConfiguration nor @ContextHierarchy found for test class [com.thanos.api.repository.MemberRepositoryTest], using DelegatingSmartContextLoader
14:12:21.354 [Test worker] DEBUG org.springframework.test.context.support.AbstractDelegatingSmartContextLoader - Delegating to GenericXmlContextLoader to process context configuration [ContextConfigurationAttributes@5678aa32 declaringClass = 'com.thanos.api.repository.MemberRepositoryTest', classes = '{}', locations = '{}', inheritLocations = false, initializers = '{}', inheritInitializers = true, name = [null], contextLoaderClass = 'org.springframework.test.context.ContextLoader'].
14:12:21.357 [Test worker] DEBUG org.springframework.test.context.support.AbstractContextLoader - Did not detect default resource location for test class [com.thanos.api.repository.MemberRepositoryTest]: class path resource [com/thanos/api/repository/MemberRepositoryTest-context.xml] does not exist
14:12:21.357 [Test worker] INFO org.springframework.test.context.support.AbstractContextLoader - Could not detect default resource locations for test class [com.thanos.api.repository.MemberRepositoryTest]: no resource found for suffixes {-context.xml}.
14:12:21.358 [Test worker] DEBUG org.springframework.test.context.support.AbstractDelegatingSmartContextLoader - Delegating to AnnotationConfigContextLoader to process context configuration [ContextConfigurationAttributes@5678aa32 declaringClass = 'com.thanos.api.repository.MemberRepositoryTest', classes = '{}', locations = '{}', inheritLocations = false, initializers = '{}', inheritInitializers = true, name = [null], contextLoaderClass = 'org.springframework.test.context.ContextLoader'].
14:12:21.359 [Test worker] INFO org.springframework.test.context.support.AnnotationConfigContextLoaderUtils - Could not detect default configuration classes for test class [com.thanos.api.repository.MemberRepositoryTest]: MemberRepositoryTest does not declare any static, non-private, non-final, nested classes annotated with @Configuration.
14:12:21.407 [Test worker] DEBUG org.springframework.test.context.support.DefaultTestContextBootstrapper - @TestExecutionListeners is not present for class [com.thanos.api.repository.MemberRepositoryTest]: using defaults.
14:12:21.408 [Test worker] INFO org.springframework.test.context.support.DefaultTestContextBootstrapper - Loaded default TestExecutionListener class names from location [META-INF/spring.factories]: [org.springframework.boot.test.autoconfigure.restdocs.RestDocsTestExecutionListener, org.springframework.boot.test.autoconfigure.web.client.MockRestServiceServerResetTestExecutionListener, org.springframework.boot.test.autoconfigure.web.servlet.MockMvcPrintOnlyOnFailureTestExecutionListener, org.springframework.boot.test.autoconfigure.web.servlet.WebDriverTestExecutionListener, org.springframework.boot.test.mock.mockito.MockitoTestExecutionListener, org.springframework.boot.test.mock.mockito.ResetMocksTestExecutionListener, org.springframework.test.context.web.ServletTestExecutionListener, org.springframework.test.context.support.DirtiesContextBeforeModesTestExecutionListener, org.springframework.test.context.support.DependencyInjectionTestExecutionListener, org.springframework.test.context.support.DirtiesContextTestExecutionListener, org.springframework.test.context.transaction.TransactionalTestExecutionListener, org.springframework.test.context.jdbc.SqlScriptsTestExecutionListener]
14:12:21.500 [Test worker] INFO org.springframework.test.context.support.DefaultTestContextBootstrapper - Using TestExecutionListeners: [org.springframework.test.context.web.ServletTestExecutionListener@5d592ea6, org.springframework.test.context.support.DirtiesContextBeforeModesTestExecutionListener@156c3f48, org.springframework.boot.test.mock.mockito.MockitoTestExecutionListener@4c31d3cc, org.springframework.test.context.support.DependencyInjectionTestExecutionListener@73d11164, org.springframework.test.context.support.DirtiesContextTestExecutionListener@67693da6, org.springframework.test.context.transaction.TransactionalTestExecutionListener@138bd87c, org.springframework.test.context.jdbc.SqlScriptsTestExecutionListener@5166c672, org.springframework.boot.test.autoconfigure.restdocs.RestDocsTestExecutionListener@2a47a70b, org.springframework.boot.test.mock.mockito.ResetMocksTestExecutionListener@4ed2be8, org.springframework.boot.test.autoconfigure.web.client.MockRestServiceServerResetTestExecutionListener@49e85b31, org.springframework.boot.test.autoconfigure.web.servlet.WebDriverTestExecutionListener@2eda5128, org.springframework.boot.test.autoconfigure.web.servlet.MockMvcPrintOnlyOnFailureTestExecutionListener@39b2d407]
14:12:21.503 [Test worker] DEBUG org.springframework.test.annotation.ProfileValueUtils - Retrieved @ProfileValueSourceConfiguration [null] for test class [com.thanos.api.repository.MemberRepositoryTest]
14:12:21.503 [Test worker] DEBUG org.springframework.test.annotation.ProfileValueUtils - Retrieved ProfileValueSource type [class org.springframework.test.annotation.SystemProfileValueSource] for class [com.thanos.api.repository.MemberRepositoryTest]
14:12:21.506 [Test worker] DEBUG org.springframework.test.annotation.ProfileValueUtils - Retrieved @ProfileValueSourceConfiguration [null] for test class [com.thanos.api.repository.MemberRepositoryTest]
14:12:21.507 [Test worker] DEBUG org.springframework.test.annotation.ProfileValueUtils - Retrieved ProfileValueSource type [class org.springframework.test.annotation.SystemProfileValueSource] for class [com.thanos.api.repository.MemberRepositoryTest]
14:12:21.507 [Test worker] DEBUG org.springframework.test.annotation.ProfileValueUtils - Retrieved @ProfileValueSourceConfiguration [null] for test class [com.thanos.api.repository.MemberRepositoryTest]
14:12:21.507 [Test worker] DEBUG org.springframework.test.annotation.ProfileValueUtils - Retrieved ProfileValueSource type [class org.springframework.test.annotation.SystemProfileValueSource] for class [com.thanos.api.repository.MemberRepositoryTest]
14:12:21.509 [Test worker] DEBUG org.springframework.test.context.support.AbstractDirtiesContextTestExecutionListener - Before test class: context [DefaultTestContext@39d29700 testClass = MemberRepositoryTest, testInstance = [null], testMethod = [null], testException = [null], mergedContextConfiguration = [MergedContextConfiguration@57977b6a testClass = MemberRepositoryTest, locations = '{}', classes = '{}', contextInitializerClasses = '[]', activeProfiles = '{development}', propertySourceLocations = '{}', propertySourceProperties = '{}', contextCustomizers = set[org.springframework.boot.test.autoconfigure.properties.PropertyMappingContextCustomizer@0, org.springframework.boot.test.autoconfigure.web.servlet.WebDriverContextCustomizerFactory$Customizer@15542e3b, org.springframework.boot.test.context.filter.ExcludeFilterContextCustomizer@73015c1b, org.springframework.boot.test.json.DuplicateJsonObjectContextCustomizerFactory$DuplicateJsonObjectContextCustomizer@ed58dbc, org.springframework.boot.test.mock.mockito.MockitoContextCustomizer@55070a11], contextLoader = 'org.springframework.test.context.support.DelegatingSmartContextLoader', parent = [null]], attributes = map[[empty]]], class annotated with @DirtiesContext [false] with mode [null].
14:12:21.510 [Test worker] DEBUG org.springframework.test.annotation.ProfileValueUtils - Retrieved @ProfileValueSourceConfiguration [null] for test class [com.thanos.api.repository.MemberRepositoryTest]
14:12:21.510 [Test worker] DEBUG org.springframework.test.annotation.ProfileValueUtils - Retrieved ProfileValueSource type [class org.springframework.test.annotation.SystemProfileValueSource] for class [com.thanos.api.repository.MemberRepositoryTest]
14:12:21.515 [Test worker] DEBUG org.springframework.test.context.support.AbstractDelegatingSmartContextLoader - Delegating to AnnotationConfigContextLoader to load context from [MergedContextConfiguration@57977b6a testClass = MemberRepositoryTest, locations = '{}', classes = '{}', contextInitializerClasses = '[]', activeProfiles = '{development}', propertySourceLocations = '{}', propertySourceProperties = '{}', contextCustomizers = set[org.springframework.boot.test.autoconfigure.properties.PropertyMappingContextCustomizer@0, org.springframework.boot.test.autoconfigure.web.servlet.WebDriverContextCustomizerFactory$Customizer@15542e3b, org.springframework.boot.test.context.filter.ExcludeFilterContextCustomizer@73015c1b, org.springframework.boot.test.json.DuplicateJsonObjectContextCustomizerFactory$DuplicateJsonObjectContextCustomizer@ed58dbc, org.springframework.boot.test.mock.mockito.MockitoContextCustomizer@55070a11], contextLoader = 'org.springframework.test.context.support.DelegatingSmartContextLoader', parent = [null]].
14:12:21.516 [Test worker] DEBUG org.springframework.test.context.support.AbstractGenericContextLoader - Loading ApplicationContext for merged context configuration [[MergedContextConfiguration@57977b6a testClass = MemberRepositoryTest, locations = '{}', classes = '{}', contextInitializerClasses = '[]', activeProfiles = '{development}', propertySourceLocations = '{}', propertySourceProperties = '{}', contextCustomizers = set[org.springframework.boot.test.autoconfigure.properties.PropertyMappingContextCustomizer@0, org.springframework.boot.test.autoconfigure.web.servlet.WebDriverContextCustomizerFactory$Customizer@15542e3b, org.springframework.boot.test.context.filter.ExcludeFilterContextCustomizer@73015c1b, org.springframework.boot.test.json.DuplicateJsonObjectContextCustomizerFactory$DuplicateJsonObjectContextCustomizer@ed58dbc, org.springframework.boot.test.mock.mockito.MockitoContextCustomizer@55070a11], contextLoader = 'org.springframework.test.context.support.DelegatingSmartContextLoader', parent = [null]]].
14:12:21.555 [Test worker] DEBUG org.springframework.core.env.StandardEnvironment - Adding PropertySource 'systemProperties' with lowest search precedence
14:12:21.555 [Test worker] DEBUG org.springframework.core.env.StandardEnvironment - Adding PropertySource 'systemEnvironment' with lowest search precedence
14:12:21.556 [Test worker] DEBUG org.springframework.core.env.StandardEnvironment - Initialized StandardEnvironment with PropertySources [MapPropertySource@909294050 {name='systemProperties', properties={java.runtime.name=Java(TM) SE Runtime Environment, sun.boot.library.path=/Library/Java/JavaVirtualMachines/jdk1.8.0_181.jdk/Contents/Home/jre/lib, java.vm.version=25.181-b13, gopherProxySet=false, java.vm.vendor=Oracle Corporation, java.vendor.url=http://java.oracle.com/, path.separator=:, java.vm.name=Java HotSpot(TM) 64-Bit Server VM, file.encoding.pkg=sun.io, sun.java.launcher=SUN_STANDARD, user.country=KR, sun.os.patch.level=unknown, java.vm.specification.name=Java Virtual Machine Specification, user.dir=/Users/franklim/IdeaProjects/thanos/api, java.runtime.version=1.8.0_181-b13, java.awt.graphicsenv=sun.awt.CGraphicsEnvironment, java.endorsed.dirs=/Library/Java/JavaVirtualMachines/jdk1.8.0_181.jdk/Contents/Home/jre/lib/endorsed, os.arch=x86_64, java.io.tmpdir=/var/folders/1k/g2my0t751mvdz2x953qrplr00000gn/T/, line.separator=
, java.vm.specification.vendor=Oracle Corporation, user.variant=, os.name=Mac OS X, sun.jnu.encoding=UTF-8, java.library.path=/Users/franklim/Library/Java/Extensions:/Library/Java/Extensions:/Network/Library/Java/Extensions:/System/Library/Java/Extensions:/usr/lib/java:., java.specification.name=Java Platform API Specification, java.class.version=52.0, org.gradle.native=false, sun.management.compiler=HotSpot 64-Bit Tiered Compilers, os.version=10.13.6, http.nonProxyHosts=local|*.local|169.254/16|*.169.254/16, user.home=/Users/franklim, user.timezone=Asia/Seoul, java.awt.printerjob=sun.lwawt.macosx.CPrinterJob, file.encoding=UTF-8, java.specification.version=1.8, java.class.path=/Users/franklim/IdeaProjects/thanos/api/build/classes/java/test:/Users/franklim/IdeaProjects/thanos/api/build/resources/test:/Users/franklim/IdeaProjects/thanos/api/build/classes/java/main:/Users/franklim/IdeaProjects/thanos/api/build/resources/main:/Users/franklim/.gradle/caches/modules-2/files-2.1/org.springframework.boot/spring-boot-starter-web/2.0.3.RELEASE/41fd4180bea3813de8f3c602b5a126218360315b/spring-boot-starter-web-2.0.3.RELEASE.jar:/Users/franklim/.gradle/caches/modules-2/files-2.1/org.springframework.boot/spring-boot-starter-data-jpa/2.0.3.RELEASE/56c909f49b5385793942158e143187ecc8c7b54a/spring-boot-starter-data-jpa-2.0.3.RELEASE.jar:/Users/franklim/.gradle/caches/modules-2/files-2.1/org.springframework.boot/spring-boot-starter-test/2.0.3.RELEASE/1c624b1cc217bac010abce7a28df8169af4a7fa0/spring-boot-starter-test-2.0.3.RELEASE.jar:/Users/franklim/.gradle/caches/modules-2/files-2.1/org.springframework.boot/spring-boot-starter-json/2.0.3.RELEASE/2e389a8727588c549c28bb277f0f573f65554850/spring-boot-starter-json-2.0.3.RELEASE.jar:/Users/franklim/.gradle/caches/modules-2/files-2.1/org.springframework.boot/spring-boot-starter-aop/2.0.3.RELEASE/a78c7bc25fd51b217f078421dc40d13ddc3b9f8f/spring-boot-starter-aop-2.0.3.RELEASE.jar:/Users/franklim/.gradle/caches/modules-2/files-2.1/org.springframework.boot/spring-boot-starter-jdbc/2.0.3.RELEASE/4f5f3411692a0f5efb60f7f583bdfcf49199a3d4/spring-boot-starter-jdbc-2.0.3.RELEASE.jar:/Users/franklim/.gradle/caches/modules-2/files-2.1/org.springframework.boot/spring-boot-starter/2.0.3.RELEASE/ffaa050dbd36b0441645598f1a7ddaf67fd5e678/spring-boot-starter-2.0.3.RELEASE.jar:/Users/franklim/.gradle/caches/modules-2/files-2.1/org.springframework.boot/spring-boot-starter-jetty/2.0.3.RELEASE/c2abc1384f7e232252083ddc3701175696ba5a5b/spring-boot-starter-jetty-2.0.3.RELEASE.jar:/Users/franklim/.gradle/caches/modules-2/files-2.1/io.projectreactor.ipc/reactor-netty/0.7.1.RELEASE/2fab80d0847e43d36e8f721d4e8416a490bc5348/reactor-netty-0.7.1.RELEASE.jar:/Users/franklim/.gradle/caches/modules-2/files-2.1/org.springframework.boot/spring-boot-test-autoconfigure/2.0.3.RELEASE/54e7d2167f2b926bf16a0ef8b91b6bfbd43826e7/spring-boot-test-autoconfigure-2.0.3.RELEASE.jar:/Users/franklim/.gradle/caches/modules-2/files-2.1/org.springframework.boot/spring-boot-autoconfigure/2.0.3.RELEASE/11bc4cc96b08fabad2b3186755818fa0b32d83f/spring-boot-autoconfigure-2.0.3.RELEASE.jar:/Users/franklim/.gradle/caches/modules-2/files-2.1/org.springframework.boot/spring-boot-test/2.0.3.RELEASE/5c9b4bb6cfce9ef6e53a0ff5fc4a7ff2867871d8/spring-boot-test-2.0.3.RELEASE.jar:/Users/franklim/.gradle/caches/modules-2/files-2.1/org.springframework.boot/spring-boot/2.0.3.RELEASE/b874870d915adbc3dd932e19077d3d45c8e54aa0/spring-boot-2.0.3.RELEASE.jar:/Users/franklim/.gradle/caches/modules-2/files-2.1/org.springframework/spring-webmvc/5.0.7.RELEASE/751c871527ec7ff335ffc76f2e737e297c0a8d30/spring-webmvc-5.0.7.RELEASE.jar:/Users/franklim/.gradle/caches/modules-2/files-2.1/org.springframework.data/spring-data-jpa/2.0.8.RELEASE/8b874afd15da2b4d2d9b8431ad2be0c6829e41fe/spring-data-jpa-2.0.8.RELEASE.jar:/Users/franklim/.gradle/caches/modules-2/files-2.1/org.springframework/spring-context/5.0.1.RELEASE/9d359d7a7aee47715737cc8cd8f4a305493afd1c/spring-context-5.0.1.RELEASE.jar:/Users/franklim/.gradle/caches/modules-2/files-2.1/org.springframework.restdocs/spring-restdocs-webtestclient/2.0.3.BUILD-SNAPSHOT/9eb0e9e7d01ea101f00cd4a8f8a4e9bd7926b6c5/spring-restdocs-webtestclient-2.0.3.BUILD-SNAPSHOT.jar:/Users/franklim/.gradle/caches/modules-2/files-2.1/org.springframework/spring-webflux/5.0.1.RELEASE/c4f6ecf5b3065ae510e32cb56b338af4aa705a59/spring-webflux-5.0.1.RELEASE.jar:/Users/franklim/.gradle/caches/modules-2/files-2.1/com.h2database/h2/1.4.197/bb391050048ca8ae3e32451b5a3714ecd3596a46/h2-1.4.197.jar:/Users/franklim/.gradle/caches/modules-2/files-2.1/junit/junit/4.12/2973d150c0dc1fefe998f834810d68f278ea58ec/junit-4.12.jar:/Users/franklim/.gradle/caches/modules-2/files-2.1/org.springframework/spring-test/5.0.1.RELEASE/47dee3bebbcbcaff1be786b6c0db654ba7376eb9/spring-test-5.0.1.RELEASE.jar:/Users/franklim/.gradle/caches/modules-2/files-2.1/org.springframework.boot/spring-boot-starter-logging/2.0.3.RELEASE/7caad34f01d2688919e15e09a90467963e3d5190/spring-boot-starter-logging-2.0.3.RELEASE.jar:/Users/franklim/.gradle/caches/modules-2/files-2.1/org.eclipse.jetty.websocket/javax-websocket-server-impl/9.4.11.v20180605/6cb628345afc828327a5b8f37ca7201eea7d122b/javax-websocket-server-impl-9.4.11.v20180605.jar:/Users/franklim/.gradle/caches/modules-2/files-2.1/org.eclipse.jetty/jetty-annotations/9.4.11.v20180605/b9e63ab4b9733b11a19299474f49be14b6266f3f/jetty-annotations-9.4.11.v20180605.jar:/Users/franklim/.gradle/caches/modules-2/files-2.1/javax.annotation/javax.annotation-api/1.3.2/934c04d3cfef185a8008e7bf34331b79730a9d43/javax.annotation-api-1.3.2.jar:/Users/franklim/.gradle/caches/modules-2/files-2.1/org.springframework.restdocs/spring-restdocs-core/2.0.1.RELEASE/3aefa222a332450b32e1281411794361996934ef/spring-restdocs-core-2.0.1.RELEASE.jar:/Users/franklim/.gradle/caches/modules-2/files-2.1/org.springframework/spring-web/5.0.7.RELEASE/2e04c6c2922fbfa06b5948be14a5782db168b6ec/spring-web-5.0.7.RELEASE.jar:/Users/franklim/.gradle/caches/modules-2/files-2.1/org.springframework/spring-aop/5.0.7.RELEASE/fdd0b6aa3c9c7a188c3bfbf6dfd8d40e843be9ef/spring-aop-5.0.7.RELEASE.jar:/Users/franklim/.gradle/caches/modules-2/files-2.1/org.springframework/spring-orm/5.0.7.RELEASE/4deed5f4a38d62f9dba7db8e010da8b49e322757/spring-orm-5.0.7.RELEASE.jar:/Users/franklim/.gradle/caches/modules-2/files-2.1/org.springframework/spring-jdbc/5.0.7.RELEASE/9c78c6b9a6c603f6589b480e165939cde7bab7f9/spring-jdbc-5.0.7.RELEASE.jar:/Users/franklim/.gradle/caches/modules-2/files-2.1/org.springframework.data/spring-data-commons/2.0.8.RELEASE/5c19af63b5acb0eab39066684e813d5ecd9d03b7/spring-data-commons-2.0.8.RELEASE.jar:/Users/franklim/.gradle/caches/modules-2/files-2.1/org.springframework/spring-tx/5.0.7.RELEASE/4ca59b21c61162adb146ad1b40c30b60d8dc42b8/spring-tx-5.0.7.RELEASE.jar:/Users/franklim/.gradle/caches/modules-2/files-2.1/org.springframework/spring-beans/5.0.7.RELEASE/c1196cb3e56da83e3c3a02ef323699f4b05feedc/spring-beans-5.0.7.RELEASE.jar:/Users/franklim/.gradle/caches/modules-2/files-2.1/org.springframework/spring-expression/5.0.7.RELEASE/ca01fb473f53dd0ee3c85663b26d5dc325602057/spring-expression-5.0.7.RELEASE.jar:/Users/franklim/.gradle/caches/modules-2/files-2.1/org.springframework/spring-core/5.0.7.RELEASE/54b731178d81e66eca9623df772ff32718208137/spring-core-5.0.7.RELEASE.jar:/Users/franklim/.gradle/caches/modules-2/files-2.1/org.yaml/snakeyaml/1.19/2d998d3d674b172a588e54ab619854d073f555b5/snakeyaml-1.19.jar:/Users/franklim/.gradle/caches/modules-2/files-2.1/org.hibernate.validator/hibernate-validator/6.0.10.Final/4236051a8d209c00f85e70918d5e26d9f3e5201e/hibernate-validator-6.0.10.Final.jar:/Users/franklim/.gradle/caches/modules-2/files-2.1/org.eclipse.jetty/jetty-servlets/9.4.11.v20180605/8301f94a8b8e4a8ed7c065984b18c02c4206b920/jetty-servlets-9.4.11.v20180605.jar:/Users/franklim/.gradle/caches/modules-2/files-2.1/org.eclipse.jetty/jetty-plus/9.4.11.v20180605/596ca6f4cbb436516f4de2662721dbe5b41ffd21/jetty-plus-9.4.11.v20180605.jar:/Users/franklim/.gradle/caches/modules-2/files-2.1/org.eclipse.jetty/jetty-webapp/9.4.11.v20180605/5ce28eff8338cab2a0af0e583c769567542b9558/jetty-webapp-9.4.11.v20180605.jar:/Users/franklim/.gradle/caches/modules-2/files-2.1/org.eclipse.jetty.websocket/websocket-server/9.4.11.v20180605/9d6f76d4dbbcb52eae9d2ab940d3ec6b56e1d568/websocket-server-9.4.11.v20180605.jar:/Users/franklim/.gradle/caches/modules-2/files-2.1/org.mortbay.jasper/apache-el/8.5.24.2/cd26aaf6c7ee59af58f0e8c12bfda318bf474c49/apache-el-8.5.24.2.jar:/Users/franklim/.gradle/caches/modules-2/files-2.1/org.hibernate/hibernate-core/5.2.17.Final/f2dc36470e7a2ffcf6106bb1625ecf5b54bb5f65/hibernate-core-5.2.17.Final.jar:/Users/franklim/.gradle/caches/modules-2/files-2.1/javax.transaction/javax.transaction-api/1.2/d81aff979d603edd90dcd8db2abc1f4ce6479e3e/javax.transaction-api-1.2.jar:/Users/franklim/.gradle/caches/modules-2/files-2.1/org.springframework/spring-aspects/5.0.7.RELEASE/afd3f7ecb9d7c2cb3160563f9f64b72223bb0265/spring-aspects-5.0.7.RELEASE.jar:/Users/franklim/.gradle/caches/modules-2/files-2.1/io.netty/netty-handler-proxy/4.1.25.Final/be053c1e9f4ac5463883aa7b692798ac7841359a/netty-handler-proxy-4.1.25.Final.jar:/Users/franklim/.gradle/caches/modules-2/files-2.1/io.netty/netty-codec-http/4.1.25.Final/70888d3f2a829541378f68503ddd52c3193df35a/netty-codec-http-4.1.25.Final.jar:/Users/franklim/.gradle/caches/modules-2/files-2.1/io.netty/netty-handler/4.1.25.Final/ecdfb8fe93a8b75db3ea8746d3437eed845c24bd/netty-handler-4.1.25.Final.jar:/Users/franklim/.gradle/caches/modules-2/files-2.1/io.netty/netty-transport-native-epoll/4.1.25.Final/a495c931e1d9c6d99f9d5dd6f244ce7b3a8e7db5/netty-transport-native-epoll-4.1.25.Final.jar:/Users/franklim/.gradle/caches/modules-2/files-2.1/io.projectreactor/reactor-core/3.1.8.RELEASE/3bcc30f9161d3d17abe44b4aa20e397e5170566e/reactor-core-3.1.8.RELEASE.jar:/Users/franklim/.gradle/caches/modules-2/files-2.1/com.jayway.jsonpath/json-path/2.4.0/765a4401ceb2dc8d40553c2075eb80a8fa35c2ae/json-path-2.4.0.jar:/Users/franklim/.gradle/caches/modules-2/files-2.1/org.assertj/assertj-core/3.9.1/c5ce126b15f28d56cd8f960c1a6a058b9c9aea87/assertj-core-3.9.1.jar:/Users/franklim/.gradle/caches/modules-2/files-2.1/org.mockito/mockito-core/2.15.0/b84bfbbc29cd22c9529409627af6ea2897f4fa85/mockito-core-2.15.0.jar:/Users/franklim/.gradle/caches/modules-2/files-2.1/org.hamcrest/hamcrest-library/1.3/4785a3c21320980282f9f33d0d1264a69040538f/hamcrest-library-1.3.jar:/Users/franklim/.gradle/caches/modules-2/files-2.1/org.hamcrest/hamcrest-core/1.3/42a25dc3219429f0e5d060061f71acb49bf010a0/hamcrest-core-1.3.jar:/Users/franklim/.gradle/caches/modules-2/files-2.1/org.skyscreamer/jsonassert/1.5.0/6c9d5fe2f59da598d9aefc1cfc6528ff3cf32df3/jsonassert-1.5.0.jar:/Users/franklim/.gradle/caches/modules-2/files-2.1/org.xmlunit/xmlunit-core/2.5.1/4ffdb346572a7356f7521cd3119ce5287d2e339d/xmlunit-core-2.5.1.jar:/Users/franklim/.gradle/caches/modules-2/files-2.1/ch.qos.logback/logback-classic/1.2.3/7c4f3c474fb2c041d8028740440937705ebb473a/logback-classic-1.2.3.jar:/Users/franklim/.gradle/caches/modules-2/files-2.1/org.apache.logging.log4j/log4j-to-slf4j/2.10.0/f7e631ccf49cfc0aefa4a2a728da7d374c05bd3c/log4j-to-slf4j-2.10.0.jar:/Users/franklim/.gradle/caches/modules-2/files-2.1/org.slf4j/jul-to-slf4j/1.7.25/af5364cd6679bfffb114f0dec8a157aaa283b76/jul-to-slf4j-1.7.25.jar:/Users/franklim/.gradle/caches/modules-2/files-2.1/org.springframework/spring-jcl/5.0.7.RELEASE/699016ddf454c2c167d9f84ae5777eccadf54728/spring-jcl-5.0.7.RELEASE.jar:/Users/franklim/.gradle/caches/modules-2/files-2.1/com.fasterxml.jackson.datatype/jackson-datatype-jdk8/2.9.6/456895fc91bf7180b216fead220373e6278230c9/jackson-datatype-jdk8-2.9.6.jar:/Users/franklim/.gradle/caches/modules-2/files-2.1/com.fasterxml.jackson.datatype/jackson-datatype-jsr310/2.9.6/ea54f6193d224e5e5732bbd4262327eb465397c2/jackson-datatype-jsr310-2.9.6.jar:/Users/franklim/.gradle/caches/modules-2/files-2.1/com.fasterxml.jackson.module/jackson-module-parameter-names/2.9.6/129acd77a4b6ee30d62d3a0899b1344c8ec2bff8/jackson-module-parameter-names-2.9.6.jar:/Users/franklim/.gradle/caches/modules-2/files-2.1/com.fasterxml.jackson.core/jackson-databind/2.9.6/cfa4f316351a91bfd95cb0644c6a2c95f52db1fc/jackson-databind-2.9.6.jar:/Users/franklim/.gradle/caches/modules-2/files-2.1/javax.validation/validation-api/2.0.1.Final/cb855558e6271b1b32e716d24cb85c7f583ce09e/validation-api-2.0.1.Final.jar:/Users/franklim/.gradle/caches/modules-2/files-2.1/org.hibernate.common/hibernate-commons-annotations/5.0.1.Final/71e1cff3fcb20d3b3af4f3363c3ddb24d33c6879/hibernate-commons-annotations-5.0.1.Final.jar:/Users/franklim/.gradle/caches/modules-2/files-2.1/org.jboss.logging/jboss-logging/3.3.2.Final/3789d00e859632e6c6206adc0c71625559e6e3b0/jboss-logging-3.3.2.Final.jar:/Users/franklim/.gradle/caches/modules-2/files-2.1/com.fasterxml/classmate/1.3.4/3d5f48f10bbe4eb7bd862f10c0583be2e0053c6/classmate-1.3.4.jar:/Users/franklim/.gradle/caches/modules-2/files-2.1/org.eclipse.jetty/jetty-continuation/9.4.11.v20180605/31f1e347d013356317164b86bbbc2a6ce5c5e871/jetty-continuation-9.4.11.v20180605.jar:/Users/franklim/.gradle/caches/modules-2/files-2.1/org.eclipse.jetty.websocket/javax-websocket-client-impl/9.4.11.v20180605/ab48d0ce4bd7f6f5fce204167e2a1438e673563e/javax-websocket-client-impl-9.4.11.v20180605.jar:/Users/franklim/.gradle/caches/modules-2/files-2.1/org.eclipse.jetty.websocket/websocket-client/9.4.11.v20180605/22bbc54f86f7b6f56d7edd398ba1cc1e7bafe7ef/websocket-client-9.4.11.v20180605.jar:/Users/franklim/.gradle/caches/modules-2/files-2.1/org.eclipse.jetty/jetty-client/9.4.11.v20180605/be0622ef33de4239d0625c7a39c48a41c45d0675/jetty-client-9.4.11.v20180605.jar:/Users/franklim/.gradle/caches/modules-2/files-2.1/org.eclipse.jetty/jetty-servlet/9.4.11.v20180605/66d31900fcfc70e3666f0b3335b6660635154f98/jetty-servlet-9.4.11.v20180605.jar:/Users/franklim/.gradle/caches/modules-2/files-2.1/org.eclipse.jetty/jetty-security/9.4.11.v20180605/926def86d31ee07ca4b4658833dc6ee6918b8e86/jetty-security-9.4.11.v20180605.jar:/Users/franklim/.gradle/caches/modules-2/files-2.1/org.eclipse.jetty/jetty-server/9.4.11.v20180605/58353c2f27515b007fc83ae22002feb34fc24714/jetty-server-9.4.11.v20180605.jar:/Users/franklim/.gradle/caches/modules-2/files-2.1/org.eclipse.jetty/jetty-http/9.4.11.v20180605/20c35f5336befe35b0bd5c4a63e07170fe7872d7/jetty-http-9.4.11.v20180605.jar:/Users/franklim/.gradle/caches/modules-2/files-2.1/org.eclipse.jetty.websocket/websocket-common/9.4.11.v20180605/a2b63b34284eaf113026bddf712c9bd7708e4864/websocket-common-9.4.11.v20180605.jar:/Users/franklim/.gradle/caches/modules-2/files-2.1/org.eclipse.jetty/jetty-io/9.4.11.v20180605/d164de1dac18c4ca80a1b783d879c97449909c3b/jetty-io-9.4.11.v20180605.jar:/Users/franklim/.gradle/caches/modules-2/files-2.1/org.eclipse.jetty/jetty-xml/9.4.11.v20180605/883cbf629ec797bd9d8833376a0feec461628f4f/jetty-xml-9.4.11.v20180605.jar:/Users/franklim/.gradle/caches/modules-2/files-2.1/org.eclipse.jetty/jetty-util/9.4.11.v20180605/f0f25aa2f27d618a04bc7356fa247ae4a05245b3/jetty-util-9.4.11.v20180605.jar:/Users/franklim/.gradle/caches/modules-2/files-2.1/org.eclipse.jetty.websocket/websocket-servlet/9.4.11.v20180605/ba53ba5f749d22ddb87331161c214a21b8aa6c8/websocket-servlet-9.4.11.v20180605.jar:/Users/franklim/.gradle/caches/modules-2/files-2.1/javax.websocket/javax.websocket-api/1.0/fc843b649d4a1dcb0497669d262befa3918c7ba8/javax.websocket-api-1.0.jar:/Users/franklim/.gradle/caches/modules-2/files-2.1/org.aspectj/aspectjweaver/1.8.13/ad94df2a28d658a40dc27bbaff6a1ce5fbf04e9b/aspectjweaver-1.8.13.jar:/Users/franklim/.gradle/caches/modules-2/files-2.1/com.zaxxer/HikariCP/2.7.9/a83113d2c091d0d0f853dad3217bd7df3beb6ae3/HikariCP-2.7.9.jar:/Users/franklim/.gradle/caches/modules-2/files-2.1/org.hibernate.javax.persistence/hibernate-jpa-2.1-api/1.0.2.Final/52afb5762c704a6b586e27742470c08f91877fc1/hibernate-jpa-2.1-api-1.0.2.Final.jar:/Users/franklim/.gradle/caches/modules-2/files-2.1/org.javassist/javassist/3.22.0-GA/3e83394258ae2089be7219b971ec21a8288528ad/javassist-3.22.0-GA.jar:/Users/franklim/.gradle/caches/modules-2/files-2.1/antlr/antlr/2.7.7/83cd2cd674a217ade95a4bb83a8a14f351f48bd0/antlr-2.7.7.jar:/Users/franklim/.gradle/caches/modules-2/files-2.1/org.jboss/jandex/2.0.3.Final/bfc4d6257dbff7a33a357f0de116be6ff951d849/jandex-2.0.3.Final.jar:/Users/franklim/.gradle/caches/modules-2/files-2.1/dom4j/dom4j/1.6.1/5d3ccc056b6f056dbf0dddfdf43894b9065a8f94/dom4j-1.6.1.jar:/Users/franklim/.gradle/caches/modules-2/files-2.1/org.slf4j/slf4j-api/1.7.25/da76ca59f6a57ee3102f8f9bd9cee742973efa8a/slf4j-api-1.7.25.jar:/Users/franklim/.gradle/caches/modules-2/files-2.1/io.netty/netty-codec-socks/4.1.25.Final/81d672c2823d83825b4839673828bcf20fd53e2c/netty-codec-socks-4.1.25.Final.jar:/Users/franklim/.gradle/caches/modules-2/files-2.1/io.netty/netty-codec/4.1.25.Final/3e465c75bead40d06b5b9c0612b37cf77c548887/netty-codec-4.1.25.Final.jar:/Users/franklim/.gradle/caches/modules-2/files-2.1/io.netty/netty-transport-native-unix-common/4.1.25.Final/98002036ed78849faf59e2f4df5d12cc53ec6b94/netty-transport-native-unix-common-4.1.25.Final.jar:/Users/franklim/.gradle/caches/modules-2/files-2.1/io.netty/netty-transport/4.1.25.Final/19a6f1f649894b6705aa9d8cbcced188dff133b0/netty-transport-4.1.25.Final.jar:/Users/franklim/.gradle/caches/modules-2/files-2.1/io.netty/netty-buffer/4.1.25.Final/f366d0cc87b158ca064d27507127e3cc4eb2f089/netty-buffer-4.1.25.Final.jar:/Users/franklim/.gradle/caches/modules-2/files-2.1/io.netty/netty-resolver/4.1.25.Final/dc0965d00746b782b33f419b005cbc130973030d/netty-resolver-4.1.25.Final.jar:/Users/franklim/.gradle/caches/modules-2/files-2.1/io.netty/netty-common/4.1.25.Final/e17d5c05c101fe14536ce3fb34b36c54e04791f6/netty-common-4.1.25.Final.jar:/Users/franklim/.gradle/caches/modules-2/files-2.1/org.reactivestreams/reactive-streams/1.0.2/323964c36556eb0e6209f65c1cef72b53b461ab8/reactive-streams-1.0.2.jar:/Users/franklim/.gradle/caches/modules-2/files-2.1/net.minidev/json-smart/2.3/7396407491352ce4fa30de92efb158adb76b5b/json-smart-2.3.jar:/Users/franklim/.gradle/caches/modules-2/files-2.1/net.bytebuddy/byte-buddy/1.7.11/f02857a4e2c66ccbe7aaad6100a0a6c461bce9b3/byte-buddy-1.7.11.jar:/Users/franklim/.gradle/caches/modules-2/files-2.1/net.bytebuddy/byte-buddy-agent/1.7.11/b425a8933ca07edd03c6dbc8bc3b595fba9780de/byte-buddy-agent-1.7.11.jar:/Users/franklim/.gradle/caches/modules-2/files-2.1/org.objenesis/objenesis/2.6/639033469776fd37c08358c6b92a4761feb2af4b/objenesis-2.6.jar:/Users/franklim/.gradle/caches/modules-2/files-2.1/com.vaadin.external.google/android-json/0.0.20131108.vaadin1/fa26d351fe62a6a17f5cda1287c1c6110dec413f/android-json-0.0.20131108.vaadin1.jar:/Users/franklim/.gradle/caches/modules-2/files-2.1/ch.qos.logback/logback-core/1.2.3/864344400c3d4d92dfeb0a305dc87d953677c03c/logback-core-1.2.3.jar:/Users/franklim/.gradle/caches/modules-2/files-2.1/org.apache.logging.log4j/log4j-api/2.10.0/fec5797a55b786184a537abd39c3fa1449d752d6/log4j-api-2.10.0.jar:/Users/franklim/.gradle/caches/modules-2/files-2.1/com.fasterxml.jackson.core/jackson-annotations/2.9.0/7c10d545325e3a6e72e06381afe469fd40eb701/jackson-annotations-2.9.0.jar:/Users/franklim/.gradle/caches/modules-2/files-2.1/com.fasterxml.jackson.core/jackson-core/2.9.6/4e393793c37c77e042ccc7be5a914ae39251b365/jackson-core-2.9.6.jar:/Users/franklim/.gradle/caches/modules-2/files-2.1/org.eclipse.jetty.websocket/websocket-api/9.4.11.v20180605/8e993b4ade68d967e51ba3e2a8d18e4f96154ad7/websocket-api-9.4.11.v20180605.jar:/Users/franklim/.gradle/caches/modules-2/files-2.1/javax.servlet/javax.servlet-api/3.1.0/3cd63d075497751784b2fa84be59432f4905bf7c/javax.servlet-api-3.1.0.jar:/Users/franklim/.gradle/caches/modules-2/files-2.1/org.ow2.asm/asm-commons/6.2/f0df1c69e34a0463679d7c8db36ddb4312836e76/asm-commons-6.2.jar:/Users/franklim/.gradle/caches/modules-2/files-2.1/net.minidev/accessors-smart/1.2/c592b500269bfde36096641b01238a8350f8aa31/accessors-smart-1.2.jar:/Users/franklim/.gradle/caches/modules-2/files-2.1/org.ow2.asm/asm-analysis/6.2/c7d9a90d221cbb977848d2c777eb3aa7637e89df/asm-analysis-6.2.jar:/Users/franklim/.gradle/caches/modules-2/files-2.1/org.ow2.asm/asm-tree/6.2/61570e046111559f38d4e0e580c005f75988c0a6/asm-tree-6.2.jar:/Users/franklim/.gradle/caches/modules-2/files-2.1/org.ow2.asm/asm/6.2/1b6c4ff09ce03f3052429139c2a68e295cae6604/asm-6.2.jar, user.name=franklim, java.vm.specification.version=1.8, sun.java.command=worker.org.gradle.process.internal.worker.GradleWorkerMain 'Gradle Test Executor 11', java.home=/Library/Java/JavaVirtualMachines/jdk1.8.0_181.jdk/Contents/Home/jre, sun.arch.data.model=64, user.language=ko, java.specification.vendor=Oracle Corporation, awt.toolkit=sun.lwawt.macosx.LWCToolkit, java.vm.info=mixed mode, java.version=1.8.0_181, java.ext.dirs=/Users/franklim/Library/Java/Extensions:/Library/Java/JavaVirtualMachines/jdk1.8.0_181.jdk/Contents/Home/jre/lib/ext:/Library/Java/Extensions:/Network/Library/Java/Extensions:/System/Library/Java/Extensions:/usr/lib/java, sun.boot.class.path=/Library/Java/JavaVirtualMachines/jdk1.8.0_181.jdk/Contents/Home/jre/lib/resources.jar:/Library/Java/JavaVirtualMachines/jdk1.8.0_181.jdk/Contents/Home/jre/lib/rt.jar:/Library/Java/JavaVirtualMachines/jdk1.8.0_181.jdk/Contents/Home/jre/lib/sunrsasign.jar:/Library/Java/JavaVirtualMachines/jdk1.8.0_181.jdk/Contents/Home/jre/lib/jsse.jar:/Library/Java/JavaVirtualMachines/jdk1.8.0_181.jdk/Contents/Home/jre/lib/jce.jar:/Library/Java/JavaVirtualMachines/jdk1.8.0_181.jdk/Contents/Home/jre/lib/charsets.jar:/Library/Java/JavaVirtualMachines/jdk1.8.0_181.jdk/Contents/Home/jre/lib/jfr.jar:/Library/Java/JavaVirtualMachines/jdk1.8.0_181.jdk/Contents/Home/jre/classes, java.vendor=Oracle Corporation, org.gradle.test.worker=11, file.separator=/, java.vendor.url.bug=http://bugreport.sun.com/bugreport/, sun.io.unicode.encoding=UnicodeBig, sun.cpu.endian=little, socksNonProxyHosts=local|*.local|169.254/16|*.169.254/16, ftp.nonProxyHosts=local|*.local|169.254/16|*.169.254/16, sun.cpu.isalist=}}, SystemEnvironmentPropertySource@866369307 {name='systemEnvironment', properties={JAVA_MAIN_CLASS_39479=worker.org.gradle.process.internal.worker.GradleWorkerMain, PATH=/usr/local/bin:/usr/bin:/bin:/usr/sbin:/sbin:/Users/franklim/Library/Android/sdk/tools:/Users/franklim/Library/Android/sdk/tools/bin:/Users/franklim/Library/Android/sdk/platform-tools:/Users/franklim/Library/Android/sdk/emulator, SHELL=/bin/bash, USER=franklim, ANDROID_HOME=/Users/franklim/Library/Android/sdk, TMPDIR=/var/folders/1k/g2my0t751mvdz2x953qrplr00000gn/T/, SSH_AUTH_SOCK=/private/tmp/com.apple.launchd.rM3DHi28s3/Listeners, XPC_FLAGS=0x0, __CF_USER_TEXT_ENCODING=0x1F5:0x3:0x33, Apple_PubSub_Socket_Render=/private/tmp/com.apple.launchd.12sYh2m0xZ/Render, LOGNAME=franklim, LC_CTYPE=ko_KR.UTF-8, XPC_SERVICE_NAME=com.jetbrains.intellij.2364, HOME=/Users/franklim}}]
14:12:21.558 [Test worker] DEBUG org.springframework.test.context.support.AnnotationConfigContextLoader - Registering annotated classes: {}
14:12:21.576 [Test worker] INFO org.springframework.context.support.GenericApplicationContext - Refreshing org.springframework.context.support.GenericApplicationContext@5c2e35c8: startup date [Tue Nov 27 14:12:21 KST 2018]; root of context hierarchy
14:12:21.577 [Test worker] DEBUG org.springframework.context.support.GenericApplicationContext - Bean factory for org.springframework.context.support.GenericApplicationContext@5c2e35c8: org.springframework.beans.factory.support.DefaultListableBeanFactory@61caefbd: defining beans [org.springframework.context.annotation.internalConfigurationAnnotationProcessor,org.springframework.context.annotation.internalAutowiredAnnotationProcessor,org.springframework.context.annotation.internalRequiredAnnotationProcessor,org.springframework.context.annotation.internalCommonAnnotationProcessor,org.springframework.context.annotation.internalPersistenceAnnotationProcessor,org.springframework.context.event.internalEventListenerProcessor,org.springframework.context.event.internalEventListenerFactory,org.springframework.boot.test.mock.mockito.MockitoPostProcessor$SpyPostProcessor,org.springframework.boot.test.mock.mockito.MockitoPostProcessor]; root of factory hierarchy
14:12:21.589 [Test worker] DEBUG org.springframework.beans.factory.support.DefaultListableBeanFactory - Creating shared instance of singleton bean 'org.springframework.context.annotation.internalConfigurationAnnotationProcessor'
14:12:21.589 [Test worker] DEBUG org.springframework.beans.factory.support.DefaultListableBeanFactory - Creating instance of bean 'org.springframework.context.annotation.internalConfigurationAnnotationProcessor'
14:12:21.602 [Test worker] DEBUG org.springframework.beans.factory.support.DefaultListableBeanFactory - Eagerly caching bean 'org.springframework.context.annotation.internalConfigurationAnnotationProcessor' to allow for resolving potential circular references
14:12:21.604 [Test worker] DEBUG org.springframework.beans.factory.support.DefaultListableBeanFactory - Finished creating instance of bean 'org.springframework.context.annotation.internalConfigurationAnnotationProcessor'
14:12:21.613 [Test worker] DEBUG org.springframework.beans.factory.support.DefaultListableBeanFactory - Creating shared instance of singleton bean 'org.springframework.boot.test.mock.mockito.MockitoPostProcessor'
14:12:21.613 [Test worker] DEBUG org.springframework.beans.factory.support.DefaultListableBeanFactory - Creating instance of bean 'org.springframework.boot.test.mock.mockito.MockitoPostProcessor'
14:12:21.631 [Test worker] DEBUG org.springframework.beans.factory.support.DefaultListableBeanFactory - Eagerly caching bean 'org.springframework.boot.test.mock.mockito.MockitoPostProcessor' to allow for resolving potential circular references
14:12:21.646 [Test worker] DEBUG org.springframework.beans.factory.support.DefaultListableBeanFactory - Finished creating instance of bean 'org.springframework.boot.test.mock.mockito.MockitoPostProcessor'
14:12:21.991 [Test worker] DEBUG org.springframework.beans.factory.support.DefaultListableBeanFactory - Creating shared instance of singleton bean 'org.springframework.context.annotation.internalAutowiredAnnotationProcessor'
14:12:21.992 [Test worker] DEBUG org.springframework.beans.factory.support.DefaultListableBeanFactory - Creating instance of bean 'org.springframework.context.annotation.internalAutowiredAnnotationProcessor'
14:12:21.993 [Test worker] DEBUG org.springframework.beans.factory.support.DefaultListableBeanFactory - Eagerly caching bean 'org.springframework.context.annotation.internalAutowiredAnnotationProcessor' to allow for resolving potential circular references
14:12:21.996 [Test worker] DEBUG org.springframework.beans.factory.support.DefaultListableBeanFactory - Finished creating instance of bean 'org.springframework.context.annotation.internalAutowiredAnnotationProcessor'
14:12:21.996 [Test worker] DEBUG org.springframework.beans.factory.support.DefaultListableBeanFactory - Creating shared instance of singleton bean 'org.springframework.context.annotation.internalRequiredAnnotationProcessor'
14:12:21.996 [Test worker] DEBUG org.springframework.beans.factory.support.DefaultListableBeanFactory - Creating instance of bean 'org.springframework.context.annotation.internalRequiredAnnotationProcessor'
14:12:21.997 [Test worker] DEBUG org.springframework.beans.factory.support.DefaultListableBeanFactory - Eagerly caching bean 'org.springframework.context.annotation.internalRequiredAnnotationProcessor' to allow for resolving potential circular references
14:12:21.998 [Test worker] DEBUG org.springframework.beans.factory.support.DefaultListableBeanFactory - Finished creating instance of bean 'org.springframework.context.annotation.internalRequiredAnnotationProcessor'
14:12:21.999 [Test worker] DEBUG org.springframework.beans.factory.support.DefaultListableBeanFactory - Creating shared instance of singleton bean 'org.springframework.context.annotation.internalCommonAnnotationProcessor'
14:12:21.999 [Test worker] DEBUG org.springframework.beans.factory.support.DefaultListableBeanFactory - Creating instance of bean 'org.springframework.context.annotation.internalCommonAnnotationProcessor'
14:12:22.001 [Test worker] DEBUG org.springframework.beans.factory.support.DefaultListableBeanFactory - Eagerly caching bean 'org.springframework.context.annotation.internalCommonAnnotationProcessor' to allow for resolving potential circular references
14:12:22.005 [Test worker] DEBUG org.springframework.beans.factory.support.DefaultListableBeanFactory - Finished creating instance of bean 'org.springframework.context.annotation.internalCommonAnnotationProcessor'
14:12:22.005 [Test worker] DEBUG org.springframework.beans.factory.support.DefaultListableBeanFactory - Creating shared instance of singleton bean 'org.springframework.context.annotation.internalPersistenceAnnotationProcessor'
14:12:22.005 [Test worker] DEBUG org.springframework.beans.factory.support.DefaultListableBeanFactory - Creating instance of bean 'org.springframework.context.annotation.internalPersistenceAnnotationProcessor'
14:12:22.006 [Test worker] DEBUG org.springframework.beans.factory.support.DefaultListableBeanFactory - Eagerly caching bean 'org.springframework.context.annotation.internalPersistenceAnnotationProcessor' to allow for resolving potential circular references
14:12:22.008 [Test worker] DEBUG org.springframework.beans.factory.support.DefaultListableBeanFactory - Finished creating instance of bean 'org.springframework.context.annotation.internalPersistenceAnnotationProcessor'
14:12:22.008 [Test worker] DEBUG org.springframework.beans.factory.support.DefaultListableBeanFactory - Creating shared instance of singleton bean 'org.springframework.boot.test.mock.mockito.MockitoPostProcessor$SpyPostProcessor'
14:12:22.008 [Test worker] DEBUG org.springframework.beans.factory.support.DefaultListableBeanFactory - Creating instance of bean 'org.springframework.boot.test.mock.mockito.MockitoPostProcessor$SpyPostProcessor'
14:12:22.013 [Test worker] DEBUG org.springframework.beans.factory.support.DefaultListableBeanFactory - Returning cached instance of singleton bean 'org.springframework.boot.test.mock.mockito.MockitoPostProcessor'
14:12:22.014 [Test worker] DEBUG org.springframework.beans.factory.support.DefaultListableBeanFactory - Eagerly caching bean 'org.springframework.boot.test.mock.mockito.MockitoPostProcessor$SpyPostProcessor' to allow for resolving potential circular references
14:12:22.015 [Test worker] DEBUG org.springframework.beans.factory.support.DefaultListableBeanFactory - Finished creating instance of bean 'org.springframework.boot.test.mock.mockito.MockitoPostProcessor$SpyPostProcessor'
14:12:22.016 [Test worker] DEBUG org.springframework.beans.factory.support.DefaultListableBeanFactory - Returning cached instance of singleton bean 'org.springframework.boot.test.mock.mockito.MockitoPostProcessor'
14:12:22.016 [Test worker] DEBUG org.springframework.beans.factory.support.DefaultListableBeanFactory - Returning cached instance of singleton bean 'org.springframework.boot.test.autoconfigure.properties.PropertyMappingContextCustomizer$PropertyMappingCheckBeanPostProcessor'
14:12:22.017 [Test worker] DEBUG org.springframework.context.support.GenericApplicationContext - Unable to locate MessageSource with name 'messageSource': using default [org.springframework.context.support.DelegatingMessageSource@4b17620c]
14:12:22.018 [Test worker] DEBUG org.springframework.context.support.GenericApplicationContext - Unable to locate ApplicationEventMulticaster with name 'applicationEventMulticaster': using default [org.springframework.context.event.SimpleApplicationEventMulticaster@4f56183e]
14:12:22.019 [Test worker] DEBUG org.springframework.beans.factory.support.DefaultListableBeanFactory - Pre-instantiating singletons in org.springframework.beans.factory.support.DefaultListableBeanFactory@61caefbd: defining beans [org.springframework.context.annotation.internalConfigurationAnnotationProcessor,org.springframework.context.annotation.internalAutowiredAnnotationProcessor,org.springframework.context.annotation.internalRequiredAnnotationProcessor,org.springframework.context.annotation.internalCommonAnnotationProcessor,org.springframework.context.annotation.internalPersistenceAnnotationProcessor,org.springframework.context.event.internalEventListenerProcessor,org.springframework.context.event.internalEventListenerFactory,org.springframework.boot.test.mock.mockito.MockitoPostProcessor$SpyPostProcessor,org.springframework.boot.test.mock.mockito.MockitoPostProcessor,com.thanos.api.repository.MemberRepository#0]; root of factory hierarchy
14:12:22.019 [Test worker] DEBUG org.springframework.beans.factory.support.DefaultListableBeanFactory - Returning cached instance of singleton bean 'org.springframework.context.annotation.internalConfigurationAnnotationProcessor'
14:12:22.019 [Test worker] DEBUG org.springframework.beans.factory.support.DefaultListableBeanFactory - Returning cached instance of singleton bean 'org.springframework.context.annotation.internalAutowiredAnnotationProcessor'
14:12:22.019 [Test worker] DEBUG org.springframework.beans.factory.support.DefaultListableBeanFactory - Returning cached instance of singleton bean 'org.springframework.context.annotation.internalRequiredAnnotationProcessor'
14:12:22.020 [Test worker] DEBUG org.springframework.beans.factory.support.DefaultListableBeanFactory - Returning cached instance of singleton bean 'org.springframework.context.annotation.internalCommonAnnotationProcessor'
14:12:22.020 [Test worker] DEBUG org.springframework.beans.factory.support.DefaultListableBeanFactory - Returning cached instance of singleton bean 'org.springframework.context.annotation.internalPersistenceAnnotationProcessor'
14:12:22.020 [Test worker] DEBUG org.springframework.beans.factory.support.DefaultListableBeanFactory - Creating shared instance of singleton bean 'org.springframework.context.event.internalEventListenerProcessor'
14:12:22.020 [Test worker] DEBUG org.springframework.beans.factory.support.DefaultListableBeanFactory - Creating instance of bean 'org.springframework.context.event.internalEventListenerProcessor'
14:12:22.026 [Test worker] DEBUG org.springframework.beans.factory.support.DefaultListableBeanFactory - Eagerly caching bean 'org.springframework.context.event.internalEventListenerProcessor' to allow for resolving potential circular references
14:12:22.029 [Test worker] DEBUG org.springframework.beans.factory.support.DefaultListableBeanFactory - Finished creating instance of bean 'org.springframework.context.event.internalEventListenerProcessor'
14:12:22.029 [Test worker] DEBUG org.springframework.beans.factory.support.DefaultListableBeanFactory - Creating shared instance of singleton bean 'org.springframework.context.event.internalEventListenerFactory'
14:12:22.029 [Test worker] DEBUG org.springframework.beans.factory.support.DefaultListableBeanFactory - Creating instance of bean 'org.springframework.context.event.internalEventListenerFactory'
14:12:22.029 [Test worker] DEBUG org.springframework.beans.factory.support.DefaultListableBeanFactory - Eagerly caching bean 'org.springframework.context.event.internalEventListenerFactory' to allow for resolving potential circular references
14:12:22.031 [Test worker] DEBUG org.springframework.beans.factory.support.DefaultListableBeanFactory - Finished creating instance of bean 'org.springframework.context.event.internalEventListenerFactory'
14:12:22.031 [Test worker] DEBUG org.springframework.beans.factory.support.DefaultListableBeanFactory - Returning cached instance of singleton bean 'org.springframework.boot.test.mock.mockito.MockitoPostProcessor$SpyPostProcessor'
14:12:22.032 [Test worker] DEBUG org.springframework.beans.factory.support.DefaultListableBeanFactory - Returning cached instance of singleton bean 'org.springframework.boot.test.mock.mockito.MockitoPostProcessor'
14:12:22.032 [Test worker] DEBUG org.springframework.beans.factory.support.DefaultListableBeanFactory - Returning cached instance of singleton bean 'com.thanos.api.repository.MemberRepository#0'
14:12:22.032 [Test worker] DEBUG org.springframework.beans.factory.support.DefaultListableBeanFactory - Returning cached instance of singleton bean 'org.springframework.context.event.internalEventListenerFactory'
14:12:22.046 [Test worker] DEBUG org.springframework.context.support.GenericApplicationContext - Unable to locate LifecycleProcessor with name 'lifecycleProcessor': using default [org.springframework.context.support.DefaultLifecycleProcessor@4254a317]
14:12:22.047 [Test worker] DEBUG org.springframework.beans.factory.support.DefaultListableBeanFactory - Returning cached instance of singleton bean 'lifecycleProcessor'
14:12:22.049 [Test worker] DEBUG org.springframework.core.env.PropertySourcesPropertyResolver - Could not find key 'spring.liveBeansView.mbeanDomain' in any property source
14:12:22.051 [Test worker] DEBUG org.springframework.test.context.cache.DefaultCacheAwareContextLoaderDelegate - Storing ApplicationContext in cache under key [[MergedContextConfiguration@57977b6a testClass = MemberRepositoryTest, locations = '{}', classes = '{}', contextInitializerClasses = '[]', activeProfiles = '{development}', propertySourceLocations = '{}', propertySourceProperties = '{}', contextCustomizers = set[org.springframework.boot.test.autoconfigure.properties.PropertyMappingContextCustomizer@0, org.springframework.boot.test.autoconfigure.web.servlet.WebDriverContextCustomizerFactory$Customizer@15542e3b, org.springframework.boot.test.context.filter.ExcludeFilterContextCustomizer@73015c1b, org.springframework.boot.test.json.DuplicateJsonObjectContextCustomizerFactory$DuplicateJsonObjectContextCustomizer@ed58dbc, org.springframework.boot.test.mock.mockito.MockitoContextCustomizer@55070a11], contextLoader = 'org.springframework.test.context.support.DelegatingSmartContextLoader', parent = [null]]]
14:12:22.052 [Test worker] DEBUG org.springframework.test.context.cache - Spring test ApplicationContext cache statistics: [DefaultContextCache@25267fb5 size = 1, maxSize = 32, parentContextCount = 0, hitCount = 0, missCount = 1]
14:12:22.053 [Test worker] DEBUG org.springframework.beans.factory.support.DefaultListableBeanFactory - Returning cached instance of singleton bean 'org.springframework.boot.test.mock.mockito.MockitoPostProcessor'
14:12:22.054 [Test worker] DEBUG org.springframework.beans.factory.support.DefaultListableBeanFactory - Returning cached instance of singleton bean 'com.thanos.api.repository.MemberRepository#0'
14:12:22.054 [Test worker] DEBUG org.springframework.test.context.support.DependencyInjectionTestExecutionListener - Performing dependency injection for test context [[DefaultTestContext@39d29700 testClass = MemberRepositoryTest, testInstance = com.thanos.api.repository.MemberRepositoryTest@13b5686c, testMethod = [null], testException = [null], mergedContextConfiguration = [MergedContextConfiguration@57977b6a testClass = MemberRepositoryTest, locations = '{}', classes = '{}', contextInitializerClasses = '[]', activeProfiles = '{development}', propertySourceLocations = '{}', propertySourceProperties = '{}', contextCustomizers = set[org.springframework.boot.test.autoconfigure.properties.PropertyMappingContextCustomizer@0, org.springframework.boot.test.autoconfigure.web.servlet.WebDriverContextCustomizerFactory$Customizer@15542e3b, org.springframework.boot.test.context.filter.ExcludeFilterContextCustomizer@73015c1b, org.springframework.boot.test.json.DuplicateJsonObjectContextCustomizerFactory$DuplicateJsonObjectContextCustomizer@ed58dbc, org.springframework.boot.test.mock.mockito.MockitoContextCustomizer@55070a11], contextLoader = 'org.springframework.test.context.support.DelegatingSmartContextLoader', parent = [null]], attributes = map[[empty]]]].
14:12:22.054 [Test worker] DEBUG org.springframework.test.context.cache.DefaultCacheAwareContextLoaderDelegate - Retrieved ApplicationContext from cache with key [[MergedContextConfiguration@57977b6a testClass = MemberRepositoryTest, locations = '{}', classes = '{}', contextInitializerClasses = '[]', activeProfiles = '{development}', propertySourceLocations = '{}', propertySourceProperties = '{}', contextCustomizers = set[org.springframework.boot.test.autoconfigure.properties.PropertyMappingContextCustomizer@0, org.springframework.boot.test.autoconfigure.web.servlet.WebDriverContextCustomizerFactory$Customizer@15542e3b, org.springframework.boot.test.context.filter.ExcludeFilterContextCustomizer@73015c1b, org.springframework.boot.test.json.DuplicateJsonObjectContextCustomizerFactory$DuplicateJsonObjectContextCustomizer@ed58dbc, org.springframework.boot.test.mock.mockito.MockitoContextCustomizer@55070a11], contextLoader = 'org.springframework.test.context.support.DelegatingSmartContextLoader', parent = [null]]]
14:12:22.054 [Test worker] DEBUG org.springframework.test.context.cache - Spring test ApplicationContext cache statistics: [DefaultContextCache@25267fb5 size = 1, maxSize = 32, parentContextCount = 0, hitCount = 1, missCount = 1]
14:12:22.058 [Test worker] DEBUG org.springframework.test.context.support.AbstractDirtiesContextTestExecutionListener - Before test method: context [DefaultTestContext@39d29700 testClass = MemberRepositoryTest, testInstance = com.thanos.api.repository.MemberRepositoryTest@13b5686c, testMethod = saveMemberTest@MemberRepositoryTest, testException = [null], mergedContextConfiguration = [MergedContextConfiguration@57977b6a testClass = MemberRepositoryTest, locations = '{}', classes = '{}', contextInitializerClasses = '[]', activeProfiles = '{development}', propertySourceLocations = '{}', propertySourceProperties = '{}', contextCustomizers = set[org.springframework.boot.test.autoconfigure.properties.PropertyMappingContextCustomizer@0, org.springframework.boot.test.autoconfigure.web.servlet.WebDriverContextCustomizerFactory$Customizer@15542e3b, org.springframework.boot.test.context.filter.ExcludeFilterContextCustomizer@73015c1b, org.springframework.boot.test.json.DuplicateJsonObjectContextCustomizerFactory$DuplicateJsonObjectContextCustomizer@ed58dbc, org.springframework.boot.test.mock.mockito.MockitoContextCustomizer@55070a11], contextLoader = 'org.springframework.test.context.support.DelegatingSmartContextLoader', parent = [null]], attributes = map[[empty]]], class annotated with @DirtiesContext [false] with mode [null], method annotated with @DirtiesContext [false] with mode [null].
14:12:22.062 [Test worker] DEBUG org.springframework.test.context.cache.DefaultCacheAwareContextLoaderDelegate - Retrieved ApplicationContext from cache with key [[MergedContextConfiguration@57977b6a testClass = MemberRepositoryTest, locations = '{}', classes = '{}', contextInitializerClasses = '[]', activeProfiles = '{development}', propertySourceLocations = '{}', propertySourceProperties = '{}', contextCustomizers = set[org.springframework.boot.test.autoconfigure.properties.PropertyMappingContextCustomizer@0, org.springframework.boot.test.autoconfigure.web.servlet.WebDriverContextCustomizerFactory$Customizer@15542e3b, org.springframework.boot.test.context.filter.ExcludeFilterContextCustomizer@73015c1b, org.springframework.boot.test.json.DuplicateJsonObjectContextCustomizerFactory$DuplicateJsonObjectContextCustomizer@ed58dbc, org.springframework.boot.test.mock.mockito.MockitoContextCustomizer@55070a11], contextLoader = 'org.springframework.test.context.support.DelegatingSmartContextLoader', parent = [null]]]
14:12:22.062 [Test worker] DEBUG org.springframework.test.context.cache - Spring test ApplicationContext cache statistics: [DefaultContextCache@25267fb5 size = 1, maxSize = 32, parentContextCount = 0, hitCount = 2, missCount = 1]
14:12:22.063 [Test worker] DEBUG org.springframework.test.context.cache.DefaultCacheAwareContextLoaderDelegate - Retrieved ApplicationContext from cache with key [[MergedContextConfiguration@57977b6a testClass = MemberRepositoryTest, locations = '{}', classes = '{}', contextInitializerClasses = '[]', activeProfiles = '{development}', propertySourceLocations = '{}', propertySourceProperties = '{}', contextCustomizers = set[org.springframework.boot.test.autoconfigure.properties.PropertyMappingContextCustomizer@0, org.springframework.boot.test.autoconfigure.web.servlet.WebDriverContextCustomizerFactory$Customizer@15542e3b, org.springframework.boot.test.context.filter.ExcludeFilterContextCustomizer@73015c1b, org.springframework.boot.test.json.DuplicateJsonObjectContextCustomizerFactory$DuplicateJsonObjectContextCustomizer@ed58dbc, org.springframework.boot.test.mock.mockito.MockitoContextCustomizer@55070a11], contextLoader = 'org.springframework.test.context.support.DelegatingSmartContextLoader', parent = [null]]]
14:12:22.063 [Test worker] DEBUG org.springframework.test.context.cache - Spring test ApplicationContext cache statistics: [DefaultContextCache@25267fb5 size = 1, maxSize = 32, parentContextCount = 0, hitCount = 3, missCount = 1]
14:12:22.064 [Test worker] DEBUG org.springframework.beans.factory.support.DefaultListableBeanFactory - Returning cached instance of singleton bean 'org.springframework.boot.test.mock.mockito.MockitoBeans'
14:12:22.071 [Test worker] DEBUG org.springframework.test.context.cache.DefaultCacheAwareContextLoaderDelegate - Retrieved ApplicationContext from cache with key [[MergedContextConfiguration@57977b6a testClass = MemberRepositoryTest, locations = '{}', classes = '{}', contextInitializerClasses = '[]', activeProfiles = '{development}', propertySourceLocations = '{}', propertySourceProperties = '{}', contextCustomizers = set[org.springframework.boot.test.autoconfigure.properties.PropertyMappingContextCustomizer@0, org.springframework.boot.test.autoconfigure.web.servlet.WebDriverContextCustomizerFactory$Customizer@15542e3b, org.springframework.boot.test.context.filter.ExcludeFilterContextCustomizer@73015c1b, org.springframework.boot.test.json.DuplicateJsonObjectContextCustomizerFactory$DuplicateJsonObjectContextCustomizer@ed58dbc, org.springframework.boot.test.mock.mockito.MockitoContextCustomizer@55070a11], contextLoader = 'org.springframework.test.context.support.DelegatingSmartContextLoader', parent = [null]]]
14:12:22.071 [Test worker] DEBUG org.springframework.test.context.cache - Spring test ApplicationContext cache statistics: [DefaultContextCache@25267fb5 size = 1, maxSize = 32, parentContextCount = 0, hitCount = 4, missCount = 1]
14:12:22.072 [Test worker] DEBUG org.springframework.test.context.cache.DefaultCacheAwareContextLoaderDelegate - Retrieved ApplicationContext from cache with key [[MergedContextConfiguration@57977b6a testClass = MemberRepositoryTest, locations = '{}', classes = '{}', contextInitializerClasses = '[]', activeProfiles = '{development}', propertySourceLocations = '{}', propertySourceProperties = '{}', contextCustomizers = set[org.springframework.boot.test.autoconfigure.properties.PropertyMappingContextCustomizer@0, org.springframework.boot.test.autoconfigure.web.servlet.WebDriverContextCustomizerFactory$Customizer@15542e3b, org.springframework.boot.test.context.filter.ExcludeFilterContextCustomizer@73015c1b, org.springframework.boot.test.json.DuplicateJsonObjectContextCustomizerFactory$DuplicateJsonObjectContextCustomizer@ed58dbc, org.springframework.boot.test.mock.mockito.MockitoContextCustomizer@55070a11], contextLoader = 'org.springframework.test.context.support.DelegatingSmartContextLoader', parent = [null]]]
14:12:22.072 [Test worker] DEBUG org.springframework.test.context.cache - Spring test ApplicationContext cache statistics: [DefaultContextCache@25267fb5 size = 1, maxSize = 32, parentContextCount = 0, hitCount = 5, missCount = 1]
14:12:22.073 [Test worker] DEBUG org.springframework.test.context.cache.DefaultCacheAwareContextLoaderDelegate - Retrieved ApplicationContext from cache with key [[MergedContextConfiguration@57977b6a testClass = MemberRepositoryTest, locations = '{}', classes = '{}', contextInitializerClasses = '[]', activeProfiles = '{development}', propertySourceLocations = '{}', propertySourceProperties = '{}', contextCustomizers = set[org.springframework.boot.test.autoconfigure.properties.PropertyMappingContextCustomizer@0, org.springframework.boot.test.autoconfigure.web.servlet.WebDriverContextCustomizerFactory$Customizer@15542e3b, org.springframework.boot.test.context.filter.ExcludeFilterContextCustomizer@73015c1b, org.springframework.boot.test.json.DuplicateJsonObjectContextCustomizerFactory$DuplicateJsonObjectContextCustomizer@ed58dbc, org.springframework.boot.test.mock.mockito.MockitoContextCustomizer@55070a11], contextLoader = 'org.springframework.test.context.support.DelegatingSmartContextLoader', parent = [null]]]
14:12:22.073 [Test worker] DEBUG org.springframework.test.context.cache - Spring test ApplicationContext cache statistics: [DefaultContextCache@25267fb5 size = 1, maxSize = 32, parentContextCount = 0, hitCount = 6, missCount = 1]
14:12:22.073 [Test worker] DEBUG org.springframework.beans.factory.support.DefaultListableBeanFactory - Returning cached instance of singleton bean 'org.springframework.boot.test.mock.mockito.MockitoBeans'
14:12:22.074 [Test worker] DEBUG org.springframework.test.context.cache.DefaultCacheAwareContextLoaderDelegate - Retrieved ApplicationContext from cache with key [[MergedContextConfiguration@57977b6a testClass = MemberRepositoryTest, locations = '{}', classes = '{}', contextInitializerClasses = '[]', activeProfiles = '{development}', propertySourceLocations = '{}', propertySourceProperties = '{}', contextCustomizers = set[org.springframework.boot.test.autoconfigure.properties.PropertyMappingContextCustomizer@0, org.springframework.boot.test.autoconfigure.web.servlet.WebDriverContextCustomizerFactory$Customizer@15542e3b, org.springframework.boot.test.context.filter.ExcludeFilterContextCustomizer@73015c1b, org.springframework.boot.test.json.DuplicateJsonObjectContextCustomizerFactory$DuplicateJsonObjectContextCustomizer@ed58dbc, org.springframework.boot.test.mock.mockito.MockitoContextCustomizer@55070a11], contextLoader = 'org.springframework.test.context.support.DelegatingSmartContextLoader', parent = [null]]]
14:12:22.074 [Test worker] DEBUG org.springframework.test.context.cache - Spring test ApplicationContext cache statistics: [DefaultContextCache@25267fb5 size = 1, maxSize = 32, parentContextCount = 0, hitCount = 7, missCount = 1]
14:12:22.074 [Test worker] DEBUG org.springframework.test.context.support.AbstractDirtiesContextTestExecutionListener - After test method: context [DefaultTestContext@39d29700 testClass = MemberRepositoryTest, testInstance = com.thanos.api.repository.MemberRepositoryTest@13b5686c, testMethod = saveMemberTest@MemberRepositoryTest, testException = [null], mergedContextConfiguration = [MergedContextConfiguration@57977b6a testClass = MemberRepositoryTest, locations = '{}', classes = '{}', contextInitializerClasses = '[]', activeProfiles = '{development}', propertySourceLocations = '{}', propertySourceProperties = '{}', contextCustomizers = set[org.springframework.boot.test.autoconfigure.properties.PropertyMappingContextCustomizer@0, org.springframework.boot.test.autoconfigure.web.servlet.WebDriverContextCustomizerFactory$Customizer@15542e3b, org.springframework.boot.test.context.filter.ExcludeFilterContextCustomizer@73015c1b, org.springframework.boot.test.json.DuplicateJsonObjectContextCustomizerFactory$DuplicateJsonObjectContextCustomizer@ed58dbc, org.springframework.boot.test.mock.mockito.MockitoContextCustomizer@55070a11], contextLoader = 'org.springframework.test.context.support.DelegatingSmartContextLoader', parent = [null]], attributes = map[[empty]]], class annotated with @DirtiesContext [false] with mode [null], method annotated with @DirtiesContext [false] with mode [null].
14:12:22.076 [Test worker] DEBUG org.springframework.test.context.support.AbstractDirtiesContextTestExecutionListener - After test class: context [DefaultTestContext@39d29700 testClass = MemberRepositoryTest, testInstance = [null], testMethod = [null], testException = [null], mergedContextConfiguration = [MergedContextConfiguration@57977b6a testClass = MemberRepositoryTest, locations = '{}', classes = '{}', contextInitializerClasses = '[]', activeProfiles = '{development}', propertySourceLocations = '{}', propertySourceProperties = '{}', contextCustomizers = set[org.springframework.boot.test.autoconfigure.properties.PropertyMappingContextCustomizer@0, org.springframework.boot.test.autoconfigure.web.servlet.WebDriverContextCustomizerFactory$Customizer@15542e3b, org.springframework.boot.test.context.filter.ExcludeFilterContextCustomizer@73015c1b, org.springframework.boot.test.json.DuplicateJsonObjectContextCustomizerFactory$DuplicateJsonObjectContextCustomizer@ed58dbc, org.springframework.boot.test.mock.mockito.MockitoContextCustomizer@55070a11], contextLoader = 'org.springframework.test.context.support.DelegatingSmartContextLoader', parent = [null]], attributes = map[[empty]]], class annotated with @DirtiesContext [false] with mode [null].
]]></system-out>
  <system-err><![CDATA[]]></system-err>
</testsuite>
